<?xml version="1.0" encoding="UTF-8"?>
<!-- Generated by org.testng.reporters.JUnitXMLReporter -->
<testsuite hostname="surender3145693" name="Regression Test" tests="11" failures="0" timestamp="7 Feb 2017 08:32:28 GMT" time="330.079" errors="0">
  <testcase name="main" time="21.677" classname="testCases.SS_Login"/>
  <testcase name="main" time="15.253" classname="testCases.SS_Registration"/>
  <testcase name="main" time="12.654" classname="testCases.SS_Registration_InvalidInput"/>
  <testcase name="main" time="10.573" classname="testCases.SS_Login_BlankUsername"/>
  <testcase name="main" time="13.419" classname="testCases.SS_Login_BlankPassword"/>
  <testcase name="main" time="9.094" classname="testCases.SS_Invalid_Login"/>
  <testcase name="main" time="25.661" classname="testCases.SS_Logout"/>
  <testcase name="main" time="30.757" classname="testCases.SS_Logout_BackButton"/>
  <testcase name="main" time="59.571" classname="testCases.SS_Forgot_Password"/>
  <testcase name="main" time="8.115" classname="testCases.SS_Forgot_Password_Verify_Fields"/>
  <testcase name="main" time="7.726" classname="testCases.SS_Forgot_Password_CorrectFormNavigation"/>
</testsuite> <!-- Regression Test -->
